<?xml version="1.0" encoding="UTF-8"?>
<!-- Generated by org.testng.reporters.JUnitReportReporter -->
<testsuite hostname="Hemendra" failures="0" tests="1" name="test.Get_extractvalueofeachnodeinjson" time="12.554" errors="0" timestamp="2023-04-17T23:44:56 IST" skipped="0">
  <testcase classname="test.Get_extractvalueofeachnodeinjson" name="getstatuscode" time="12.554"/>
  <system-out/>
</testsuite> <!-- test.Get_extractvalueofeachnodeinjson -->
