<?xml version="1.0" encoding="UTF-8"?>
<!-- Generated by org.testng.reporters.JUnitReportReporter -->
<testsuite hostname="Hemendra" failures="0" tests="1" name="test.Get_request_authorization" time="6.212" errors="0" timestamp="2023-04-17T23:49:38 IST" skipped="0">
  <testcase classname="test.Get_request_authorization" name="getstatuscode" time="6.212"/>
  <system-out/>
</testsuite> <!-- test.Get_request_authorization -->
