<?xml version="1.0" encoding="UTF-8"?>
<!-- Generated by org.testng.reporters.JUnitReportReporter -->
<testsuite hostname="Hemendra" failures="0" tests="1" name="test.RestA" time="9.381" errors="0" timestamp="2023-04-17T23:46:38 IST" skipped="0">
  <testcase classname="test.RestA" name="getstatuscode" time="9.381"/>
  <system-out/>
</testsuite> <!-- test.RestA -->
