<?xml version="1.0" encoding="UTF-8"?>
<!-- Generated by org.testng.reporters.JUnitReportReporter -->
<testsuite hostname="Hemendra" failures="0" tests="1" name="test.GetallHeader" time="3.214" errors="0" timestamp="2023-04-17T23:45:55 IST" skipped="0">
  <testcase classname="test.GetallHeader" name="getstatuscode" time="3.214"/>
  <system-out/>
</testsuite> <!-- test.GetallHeader -->
