<?xml version="1.0" encoding="UTF-8"?>
<!-- Generated by org.testng.reporters.JUnitReportReporter -->
<testsuite hostname="Hemendra" failures="0" tests="6" name="test.Datadriven" time="13.501" errors="0" timestamp="2023-04-17T23:43:12 IST" skipped="0">
  <testcase classname="test.Datadriven" name="getstatuscode" time="0.457"/>
  <system-out/>
  <testcase classname="test.Datadriven" name="getstatuscode" time="0.656"/>
  <system-out/>
  <testcase classname="test.Datadriven" name="getstatuscode" time="0.462"/>
  <system-out/>
  <testcase classname="test.Datadriven" name="getstatuscode" time="10.856"/>
  <system-out/>
  <testcase classname="test.Datadriven" name="getstatuscode" time="0.608"/>
  <system-out/>
  <testcase classname="test.Datadriven" name="getstatuscode" time="0.462"/>
  <system-out/>
</testsuite> <!-- test.Datadriven -->
