<?xml version="1.0" encoding="UTF-8"?>
<!-- Generated by org.testng.reporters.JUnitReportReporter -->
<testsuite hostname="Hemendra" failures="0" tests="1" name="test.Post_apitesting" time="5.910" errors="0" timestamp="2023-04-17T23:46:14 IST" skipped="0">
  <testcase classname="test.Post_apitesting" name="getstatuscode" time="5.910"/>
  <system-out/>
</testsuite> <!-- test.Post_apitesting -->
