<?xml version="1.0" encoding="UTF-8"?>
<!-- Generated by org.testng.reporters.JUnitReportReporter -->
<testsuite hostname="Hemendra" failures="0" tests="1" name="test.Validatingjson_responce" time="5.483" errors="0" timestamp="2023-04-17T23:46:56 IST" skipped="0">
  <testcase classname="test.Validatingjson_responce" name="getstatuscode" time="5.483"/>
  <system-out/>
</testsuite> <!-- test.Validatingjson_responce -->
